<?xml version="1.0" encoding="UTF-8"?>
<testrun name="robolectricTestConfiguration" project="DroidBoardTest" tests="3" started="3" failures="0" errors="1" ignored="0">
  <testsuite name="projectlistTest" time="1.043">
    <testcase name="should_show_project_List_title" classname="projectlistTest" time="1.043">
      <error>com.google.inject.ProvisionException: Guice provision errors:

1) Error injecting constructor, java.lang.RuntimeException: Stub!
  at org.apache.http.client.methods.HttpGet.&lt;init&gt;(Unknown Source)
  while locating org.apache.http.client.methods.HttpGet
    for parameter 2 at Codemeditation.AgilezenApi.AgilezenApi.&lt;init&gt;(Unknown Source)
  while locating Codemeditation.AgilezenApi.AgilezenApi
  while locating Codemeditation.AgilezenApi.IKanbanApi
    for field at Codemeditation.DroidBoard.ProjectlistActivity.kanbanApi(Unknown Source)
  while locating Codemeditation.DroidBoard.ProjectlistActivity
Caused by: java.lang.RuntimeException: Stub!
	at org.apache.http.message.AbstractHttpMessage.&lt;init&gt;(AbstractHttpMessage.java:6)
	at org.apache.http.client.methods.HttpRequestBase.&lt;init&gt;(HttpRequestBase.java:6)
	at org.apache.http.client.methods.HttpGet.&lt;init&gt;(HttpGet.java:5)
	at sun.reflect.NativeConstructorAccessorImpl.newInstance0(Native Method)
	at sun.reflect.NativeConstructorAccessorImpl.newInstance(NativeConstructorAccessorImpl.java:57)
	at sun.reflect.DelegatingConstructorAccessorImpl.newInstance(DelegatingConstructorAccessorImpl.java:45)
	at java.lang.reflect.Constructor.newInstance(Constructor.java:532)
	at com.google.inject.DefaultConstructionProxyFactory$1.newInstance(DefaultConstructionProxyFactory.java:81)
	at com.google.inject.ConstructorInjector.construct(ConstructorInjector.java:85)
	at com.google.inject.ConstructorBindingImpl$Factory.get(ConstructorBindingImpl.java:111)
	at com.google.inject.SingleParameterInjector.inject(SingleParameterInjector.java:42)
	at com.google.inject.SingleParameterInjector.getAll(SingleParameterInjector.java:66)
	at com.google.inject.ConstructorInjector.construct(ConstructorInjector.java:84)
	at com.google.inject.ConstructorBindingImpl$Factory.get(ConstructorBindingImpl.java:111)
	at com.google.inject.FactoryProxy.get(FactoryProxy.java:56)
	at com.google.inject.SingleFieldInjector.inject(SingleFieldInjector.java:56)
	at com.google.inject.MembersInjectorImpl.injectMembers(MembersInjectorImpl.java:99)
	at com.google.inject.MembersInjectorImpl$1.call(MembersInjectorImpl.java:76)
	at com.google.inject.MembersInjectorImpl$1.call(MembersInjectorImpl.java:74)
	at com.google.inject.InjectorImpl.callInContext(InjectorImpl.java:804)
	at com.google.inject.MembersInjectorImpl.injectAndNotify(MembersInjectorImpl.java:74)
	at com.google.inject.MembersInjectorImpl.injectMembers(MembersInjectorImpl.java:61)
	at com.google.inject.InjectorImpl.injectMembers(InjectorImpl.java:726)
	at roboguice.activity.RoboListActivity.onCreate(RoboListActivity.java:51)
	at Codemeditation.DroidBoard.ProjectlistActivity.onCreate(ProjectlistActivity.java:29)
	at projectlistTest.setup(projectlistTest.java:31)
	at sun.reflect.NativeMethodAccessorImpl.invoke0(Native Method)
	at sun.reflect.NativeMethodAccessorImpl.invoke(NativeMethodAccessorImpl.java:57)
	at sun.reflect.DelegatingMethodAccessorImpl.invoke(DelegatingMethodAccessorImpl.java:43)
	at java.lang.reflect.Method.invoke(Method.java:616)
	at org.junit.runners.model.FrameworkMethod$1.runReflectiveCall(FrameworkMethod.java:44)
	at org.junit.internal.runners.model.ReflectiveCallable.run(ReflectiveCallable.java:15)
	at org.junit.runners.model.FrameworkMethod.invokeExplosively(FrameworkMethod.java:41)
	at org.junit.internal.runners.statements.RunBefores.evaluate(RunBefores.java:27)
	at com.xtremelabs.robolectric.RobolectricTestRunner$1.evaluate(RobolectricTestRunner.java:206)
	at org.junit.runners.BlockJUnit4ClassRunner.runNotIgnored(BlockJUnit4ClassRunner.java:79)
	at org.junit.runners.BlockJUnit4ClassRunner.runChild(BlockJUnit4ClassRunner.java:71)
	at org.junit.runners.BlockJUnit4ClassRunner.runChild(BlockJUnit4ClassRunner.java:49)
	at org.junit.runners.ParentRunner$3.run(ParentRunner.java:193)
	at org.junit.runners.ParentRunner$1.schedule(ParentRunner.java:52)
	at org.junit.runners.ParentRunner.runChildren(ParentRunner.java:191)
	at org.junit.runners.ParentRunner.access$000(ParentRunner.java:42)
	at org.junit.runners.ParentRunner$2.evaluate(ParentRunner.java:184)
	at org.junit.runners.ParentRunner.run(ParentRunner.java:236)
	at org.eclipse.jdt.internal.junit4.runner.JUnit4TestReference.run(JUnit4TestReference.java:46)
	at org.eclipse.jdt.internal.junit.runner.TestExecution.run(TestExecution.java:38)
	at org.eclipse.jdt.internal.junit.runner.RemoteTestRunner.runTests(RemoteTestRunner.java:467)
	at org.eclipse.jdt.internal.junit.runner.RemoteTestRunner.runTests(RemoteTestRunner.java:683)
	at org.eclipse.jdt.internal.junit.runner.RemoteTestRunner.run(RemoteTestRunner.java:390)
	at org.eclipse.jdt.internal.junit.runner.RemoteTestRunner.main(RemoteTestRunner.java:197)

2) Error injecting constructor, java.lang.RuntimeException: Stub!
  at org.apache.http.impl.client.DefaultHttpClient.&lt;init&gt;(Unknown Source)
  while locating org.apache.http.impl.client.DefaultHttpClient
  while locating org.apache.http.client.HttpClient
    for parameter 0 at Codemeditation.AgilezenApi.AgilezenApi.&lt;init&gt;(Unknown Source)
  while locating Codemeditation.AgilezenApi.AgilezenApi
  while locating Codemeditation.AgilezenApi.IKanbanApi
    for field at Codemeditation.DroidBoard.ProjectlistActivity.kanbanApi(Unknown Source)
  while locating Codemeditation.DroidBoard.ProjectlistActivity
Caused by: java.lang.RuntimeException: Stub!
	at org.apache.http.impl.client.AbstractHttpClient.&lt;init&gt;(AbstractHttpClient.java:5)
	at org.apache.http.impl.client.DefaultHttpClient.&lt;init&gt;(DefaultHttpClient.java:7)
	at sun.reflect.NativeConstructorAccessorImpl.newInstance0(Native Method)
	at sun.reflect.NativeConstructorAccessorImpl.newInstance(NativeConstructorAccessorImpl.java:57)
	at sun.reflect.DelegatingConstructorAccessorImpl.newInstance(DelegatingConstructorAccessorImpl.java:45)
	at java.lang.reflect.Constructor.newInstance(Constructor.java:532)
	at com.google.inject.DefaultConstructionProxyFactory$1.newInstance(DefaultConstructionProxyFactory.java:81)
	at com.google.inject.ConstructorInjector.construct(ConstructorInjector.java:85)
	at com.google.inject.ConstructorBindingImpl$Factory.get(ConstructorBindingImpl.java:111)
	at com.google.inject.FactoryProxy.get(FactoryProxy.java:56)
	at com.google.inject.SingleParameterInjector.inject(SingleParameterInjector.java:42)
	at com.google.inject.SingleParameterInjector.getAll(SingleParameterInjector.java:66)
	at com.google.inject.ConstructorInjector.construct(ConstructorInjector.java:84)
	at com.google.inject.ConstructorBindingImpl$Factory.get(ConstructorBindingImpl.java:111)
	at com.google.inject.FactoryProxy.get(FactoryProxy.java:56)
	at com.google.inject.SingleFieldInjector.inject(SingleFieldInjector.java:56)
	at com.google.inject.MembersInjectorImpl.injectMembers(MembersInjectorImpl.java:99)
	at com.google.inject.MembersInjectorImpl$1.call(MembersInjectorImpl.java:76)
	at com.google.inject.MembersInjectorImpl$1.call(MembersInjectorImpl.java:74)
	at com.google.inject.InjectorImpl.callInContext(InjectorImpl.java:804)
	at com.google.inject.MembersInjectorImpl.injectAndNotify(MembersInjectorImpl.java:74)
	at com.google.inject.MembersInjectorImpl.injectMembers(MembersInjectorImpl.java:61)
	at com.google.inject.InjectorImpl.injectMembers(InjectorImpl.java:726)
	at roboguice.activity.RoboListActivity.onCreate(RoboListActivity.java:51)
	at Codemeditation.DroidBoard.ProjectlistActivity.onCreate(ProjectlistActivity.java:29)
	at projectlistTest.setup(projectlistTest.java:31)
	at sun.reflect.NativeMethodAccessorImpl.invoke0(Native Method)
	at sun.reflect.NativeMethodAccessorImpl.invoke(NativeMethodAccessorImpl.java:57)
	at sun.reflect.DelegatingMethodAccessorImpl.invoke(DelegatingMethodAccessorImpl.java:43)
	at java.lang.reflect.Method.invoke(Method.java:616)
	at org.junit.runners.model.FrameworkMethod$1.runReflectiveCall(FrameworkMethod.java:44)
	at org.junit.internal.runners.model.ReflectiveCallable.run(ReflectiveCallable.java:15)
	at org.junit.runners.model.FrameworkMethod.invokeExplosively(FrameworkMethod.java:41)
	at org.junit.internal.runners.statements.RunBefores.evaluate(RunBefores.java:27)
	at com.xtremelabs.robolectric.RobolectricTestRunner$1.evaluate(RobolectricTestRunner.java:206)
	at org.junit.runners.BlockJUnit4ClassRunner.runNotIgnored(BlockJUnit4ClassRunner.java:79)
	at org.junit.runners.BlockJUnit4ClassRunner.runChild(BlockJUnit4ClassRunner.java:71)
	at org.junit.runners.BlockJUnit4ClassRunner.runChild(BlockJUnit4ClassRunner.java:49)
	at org.junit.runners.ParentRunner$3.run(ParentRunner.java:193)
	at org.junit.runners.ParentRunner$1.schedule(ParentRunner.java:52)
	at org.junit.runners.ParentRunner.runChildren(ParentRunner.java:191)
	at org.junit.runners.ParentRunner.access$000(ParentRunner.java:42)
	at org.junit.runners.ParentRunner$2.evaluate(ParentRunner.java:184)
	at org.junit.runners.ParentRunner.run(ParentRunner.java:236)
	at org.eclipse.jdt.internal.junit4.runner.JUnit4TestReference.run(JUnit4TestReference.java:46)
	at org.eclipse.jdt.internal.junit.runner.TestExecution.run(TestExecution.java:38)
	at org.eclipse.jdt.internal.junit.runner.RemoteTestRunner.runTests(RemoteTestRunner.java:467)
	at org.eclipse.jdt.internal.junit.runner.RemoteTestRunner.runTests(RemoteTestRunner.java:683)
	at org.eclipse.jdt.internal.junit.runner.RemoteTestRunner.run(RemoteTestRunner.java:390)
	at org.eclipse.jdt.internal.junit.runner.RemoteTestRunner.main(RemoteTestRunner.java:197)

2 errors
	at com.google.inject.internal.Errors.throwProvisionExceptionIfErrorsExist(Errors.java:370)
	at com.google.inject.MembersInjectorImpl.injectMembers(MembersInjectorImpl.java:66)
	at com.google.inject.InjectorImpl.injectMembers(InjectorImpl.java:726)
	at roboguice.activity.RoboListActivity.onCreate(RoboListActivity.java:51)
	at Codemeditation.DroidBoard.ProjectlistActivity.onCreate(ProjectlistActivity.java:29)
	at projectlistTest.setup(projectlistTest.java:31)
	at sun.reflect.NativeMethodAccessorImpl.invoke0(Native Method)
	at sun.reflect.NativeMethodAccessorImpl.invoke(NativeMethodAccessorImpl.java:57)
	at sun.reflect.DelegatingMethodAccessorImpl.invoke(DelegatingMethodAccessorImpl.java:43)
	at java.lang.reflect.Method.invoke(Method.java:616)
	at org.junit.runners.model.FrameworkMethod$1.runReflectiveCall(FrameworkMethod.java:44)
	at org.junit.internal.runners.model.ReflectiveCallable.run(ReflectiveCallable.java:15)
	at org.junit.runners.model.FrameworkMethod.invokeExplosively(FrameworkMethod.java:41)
	at org.junit.internal.runners.statements.RunBefores.evaluate(RunBefores.java:27)
	at com.xtremelabs.robolectric.RobolectricTestRunner$1.evaluate(RobolectricTestRunner.java:206)
	at org.junit.runners.BlockJUnit4ClassRunner.runNotIgnored(BlockJUnit4ClassRunner.java:79)
	at org.junit.runners.BlockJUnit4ClassRunner.runChild(BlockJUnit4ClassRunner.java:71)
	at org.junit.runners.BlockJUnit4ClassRunner.runChild(BlockJUnit4ClassRunner.java:49)
	at org.junit.runners.ParentRunner$3.run(ParentRunner.java:193)
	at org.junit.runners.ParentRunner$1.schedule(ParentRunner.java:52)
	at org.junit.runners.ParentRunner.runChildren(ParentRunner.java:191)
	at org.junit.runners.ParentRunner.access$000(ParentRunner.java:42)
	at org.junit.runners.ParentRunner$2.evaluate(ParentRunner.java:184)
	at org.junit.runners.ParentRunner.run(ParentRunner.java:236)
	at org.eclipse.jdt.internal.junit4.runner.JUnit4TestReference.run(JUnit4TestReference.java:46)
	at org.eclipse.jdt.internal.junit.runner.TestExecution.run(TestExecution.java:38)
	at org.eclipse.jdt.internal.junit.runner.RemoteTestRunner.runTests(RemoteTestRunner.java:467)
	at org.eclipse.jdt.internal.junit.runner.RemoteTestRunner.runTests(RemoteTestRunner.java:683)
	at org.eclipse.jdt.internal.junit.runner.RemoteTestRunner.run(RemoteTestRunner.java:390)
	at org.eclipse.jdt.internal.junit.runner.RemoteTestRunner.main(RemoteTestRunner.java:197)

</error>
    </testcase>
  </testsuite>
  <testsuite name="AgilezenApiTest" time="0.351">
    <testcase name="It_should_return_collection_of_projects" classname="AgilezenApiTest" time="0.334"/>
    <testcase name="It_should_return_projects_count" classname="AgilezenApiTest" time="0.017"/>
  </testsuite>
</testrun>
