<?xml version="1.0" encoding="UTF-8"?>
<testrun name="robolectricTestConfiguration" project="DroidBoardTest" tests="1" started="1" failures="0" errors="1" ignored="0">
  <testsuite name="projectlistTest" time="0.762">
    <testcase name="shouldShowProjectListTitle" classname="projectlistTest" time="0.762">
      <error>com.google.inject.ConfigurationException: Guice configuration errors:

1) No implementation for Codemeditation.DroidBoard.IKanbanApi was bound.
  while locating Codemeditation.DroidBoard.IKanbanApi
    for field at Codemeditation.DroidBoard.ProjectlistActivity.kanbanApi(Unknown Source)
  while locating Codemeditation.DroidBoard.ProjectlistActivity

1 error
	at com.google.inject.InjectorImpl.getMembersInjector(InjectorImpl.java:734)
	at com.google.inject.InjectorImpl.getMembersInjector(InjectorImpl.java:739)
	at com.google.inject.InjectorImpl.injectMembers(InjectorImpl.java:725)
	at roboguice.activity.RoboActivity.onCreate(RoboActivity.java:74)
	at Codemeditation.DroidBoard.ProjectlistActivity.onCreate(ProjectlistActivity.java:17)
	at projectlistTest.setup(projectlistTest.java:23)
	at sun.reflect.NativeMethodAccessorImpl.invoke0(Native Method)
	at sun.reflect.NativeMethodAccessorImpl.invoke(NativeMethodAccessorImpl.java:57)
	at sun.reflect.DelegatingMethodAccessorImpl.invoke(DelegatingMethodAccessorImpl.java:43)
	at java.lang.reflect.Method.invoke(Method.java:616)
	at org.junit.runners.model.FrameworkMethod$1.runReflectiveCall(FrameworkMethod.java:44)
	at org.junit.internal.runners.model.ReflectiveCallable.run(ReflectiveCallable.java:15)
	at org.junit.runners.model.FrameworkMethod.invokeExplosively(FrameworkMethod.java:41)
	at org.junit.internal.runners.statements.RunBefores.evaluate(RunBefores.java:27)
	at com.xtremelabs.robolectric.RobolectricTestRunner$1.evaluate(RobolectricTestRunner.java:206)
	at org.junit.runners.BlockJUnit4ClassRunner.runNotIgnored(BlockJUnit4ClassRunner.java:79)
	at org.junit.runners.BlockJUnit4ClassRunner.runChild(BlockJUnit4ClassRunner.java:71)
	at org.junit.runners.BlockJUnit4ClassRunner.runChild(BlockJUnit4ClassRunner.java:49)
	at org.junit.runners.ParentRunner$3.run(ParentRunner.java:193)
	at org.junit.runners.ParentRunner$1.schedule(ParentRunner.java:52)
	at org.junit.runners.ParentRunner.runChildren(ParentRunner.java:191)
	at org.junit.runners.ParentRunner.access$000(ParentRunner.java:42)
	at org.junit.runners.ParentRunner$2.evaluate(ParentRunner.java:184)
	at org.junit.runners.ParentRunner.run(ParentRunner.java:236)
	at org.eclipse.jdt.internal.junit4.runner.JUnit4TestReference.run(JUnit4TestReference.java:46)
	at org.eclipse.jdt.internal.junit.runner.TestExecution.run(TestExecution.java:38)
	at org.eclipse.jdt.internal.junit.runner.RemoteTestRunner.runTests(RemoteTestRunner.java:467)
	at org.eclipse.jdt.internal.junit.runner.RemoteTestRunner.runTests(RemoteTestRunner.java:683)
	at org.eclipse.jdt.internal.junit.runner.RemoteTestRunner.run(RemoteTestRunner.java:390)
	at org.eclipse.jdt.internal.junit.runner.RemoteTestRunner.main(RemoteTestRunner.java:197)

</error>
    </testcase>
  </testsuite>
</testrun>
