<?xml version="1.0" encoding="UTF-8"?>
<testrun name="robolectricTestConfiguration" project="DroidBoardTest" tests="3" started="3" failures="0" errors="1" ignored="0">
  <testsuite name="projectlistTest" time="1.26">
    <testcase name="should_show_project_List_title" classname="projectlistTest" time="1.26"/>
  </testsuite>
  <testsuite name="AgilezenApiTest" time="0.156">
    <testcase name="It_should_return_collection_of_projects" classname="AgilezenApiTest" time="0.092"/>
    <testcase name="It_should_return_projects_count" classname="AgilezenApiTest" time="0.064">
      <error>java.lang.RuntimeException: Stub!
	at org.apache.http.message.AbstractHttpMessage.&lt;init&gt;(AbstractHttpMessage.java:6)
	at org.apache.http.client.methods.HttpRequestBase.&lt;init&gt;(HttpRequestBase.java:6)
	at org.apache.http.client.methods.HttpGet.&lt;init&gt;(HttpGet.java:7)
	at Codemeditation.AgilezenApi.AgilezenApi.GetProjectsCount(AgilezenApi.java:32)
	at AgilezenApiTest.It_should_return_projects_count(AgilezenApiTest.java:53)
	at sun.reflect.NativeMethodAccessorImpl.invoke0(Native Method)
	at sun.reflect.NativeMethodAccessorImpl.invoke(NativeMethodAccessorImpl.java:57)
	at sun.reflect.DelegatingMethodAccessorImpl.invoke(DelegatingMethodAccessorImpl.java:43)
	at java.lang.reflect.Method.invoke(Method.java:616)
	at org.junit.runners.model.FrameworkMethod$1.runReflectiveCall(FrameworkMethod.java:44)
	at org.junit.internal.runners.model.ReflectiveCallable.run(ReflectiveCallable.java:15)
	at org.junit.runners.model.FrameworkMethod.invokeExplosively(FrameworkMethod.java:41)
	at org.junit.internal.runners.statements.InvokeMethod.evaluate(InvokeMethod.java:20)
	at org.junit.internal.runners.statements.RunBefores.evaluate(RunBefores.java:28)
	at com.xtremelabs.robolectric.RobolectricTestRunner$1.evaluate(RobolectricTestRunner.java:206)
	at org.junit.runners.BlockJUnit4ClassRunner.runNotIgnored(BlockJUnit4ClassRunner.java:79)
	at org.junit.runners.BlockJUnit4ClassRunner.runChild(BlockJUnit4ClassRunner.java:71)
	at org.junit.runners.BlockJUnit4ClassRunner.runChild(BlockJUnit4ClassRunner.java:49)
	at org.junit.runners.ParentRunner$3.run(ParentRunner.java:193)
	at org.junit.runners.ParentRunner$1.schedule(ParentRunner.java:52)
	at org.junit.runners.ParentRunner.runChildren(ParentRunner.java:191)
	at org.junit.runners.ParentRunner.access$000(ParentRunner.java:42)
	at org.junit.runners.ParentRunner$2.evaluate(ParentRunner.java:184)
	at org.junit.runners.ParentRunner.run(ParentRunner.java:236)
	at org.eclipse.jdt.internal.junit4.runner.JUnit4TestReference.run(JUnit4TestReference.java:46)
	at org.eclipse.jdt.internal.junit.runner.TestExecution.run(TestExecution.java:38)
	at org.eclipse.jdt.internal.junit.runner.RemoteTestRunner.runTests(RemoteTestRunner.java:467)
	at org.eclipse.jdt.internal.junit.runner.RemoteTestRunner.runTests(RemoteTestRunner.java:683)
	at org.eclipse.jdt.internal.junit.runner.RemoteTestRunner.run(RemoteTestRunner.java:390)
	at org.eclipse.jdt.internal.junit.runner.RemoteTestRunner.main(RemoteTestRunner.java:197)

</error>
    </testcase>
  </testsuite>
</testrun>
